<?xml version="1.0" encoding="UTF-8"?>
<!-- Generated by org.testng.reporters.JUnitXMLReporter -->
<testsuite hostname="DELL-PC" ignored="0" name="Surefire test" tests="9" failures="5" timestamp="2020-08-06T07:53:14 EDT" time="100.104" errors="0">
  <testcase name="Cleaner" time="3.318" classname="Project.CleanBee.LandingTest">
    <failure type="org.openqa.selenium.TimeoutException" message="Expected condition failed: waiting for alert to be present (tried for 2 second(s) with 500 milliseconds interval)
Build info: version: &amp;apos;4.0.0-alpha-4&amp;apos;, revision: &amp;apos;c2d955b49e&amp;apos;
System info: host: &amp;apos;DELL-PC&amp;apos;, ip: &amp;apos;192.168.12.106&amp;apos;, os.name: &amp;apos;Windows 10&amp;apos;, os.arch: &amp;apos;amd64&amp;apos;, os.version: &amp;apos;10.0&amp;apos;, java.version: &amp;apos;1.8.0_251&amp;apos;
Driver info: org.openqa.selenium.firefox.FirefoxDriver
Capabilities {acceptInsecureCerts: true, browserName: firefox, browserVersion: 76.0.1, javascriptEnabled: true, moz:accessibilityChecks: false, moz:buildID: 20200507114007, moz:geckodriverVersion: 0.26.0, moz:headless: false, moz:processID: 16932, moz:profile: C:\Users\Harmilap\AppData\L..., moz:shutdownTimeout: 60000, moz:useNonSpecCompliantPointerOrigin: false, moz:webdriverClick: true, pageLoadStrategy: normal, platform: WINDOWS, platformName: WINDOWS, platformVersion: 10.0, rotatable: false, setWindowRect: true, strictFileInteractability: false, timeouts: {implicit: 0, pageLoad: 300000, script: 30000}, unhandledPromptBehavior: dismiss and notify}
Session ID: 86c2087b-7b01-43d0-9e44-ac7a634ef73d">
      <![CDATA[org.openqa.selenium.TimeoutException: Expected condition failed: waiting for alert to be present (tried for 2 second(s) with 500 milliseconds interval)
Build info: version: '4.0.0-alpha-4', revision: 'c2d955b49e'
System info: host: 'DELL-PC', ip: '192.168.12.106', os.name: 'Windows 10', os.arch: 'amd64', os.version: '10.0', java.version: '1.8.0_251'
Driver info: org.openqa.selenium.firefox.FirefoxDriver
Capabilities {acceptInsecureCerts: true, browserName: firefox, browserVersion: 76.0.1, javascriptEnabled: true, moz:accessibilityChecks: false, moz:buildID: 20200507114007, moz:geckodriverVersion: 0.26.0, moz:headless: false, moz:processID: 16932, moz:profile: C:\Users\Harmilap\AppData\L..., moz:shutdownTimeout: 60000, moz:useNonSpecCompliantPointerOrigin: false, moz:webdriverClick: true, pageLoadStrategy: normal, platform: WINDOWS, platformName: WINDOWS, platformVersion: 10.0, rotatable: false, setWindowRect: true, strictFileInteractability: false, timeouts: {implicit: 0, pageLoad: 300000, script: 30000}, unhandledPromptBehavior: dismiss and notify}
Session ID: 86c2087b-7b01-43d0-9e44-ac7a634ef73d
at org.openqa.selenium.support.ui.WebDriverWait.timeoutException(WebDriverWait.java:138)
at org.openqa.selenium.support.ui.FluentWait.until(FluentWait.java:234)
at Project.CleanBee.LandingTest.Cleaner(LandingTest.java:60)
at java.util.ArrayList.forEach(ArrayList.java:1257)
... Removed 32 stack frames]]>
    </failure>
  </testcase> <!-- Cleaner -->
  <testcase name="Cleaner" time="3.443" classname="Project.CleanBee.LandingTest">
    <failure type="org.openqa.selenium.TimeoutException" message="Expected condition failed: waiting for alert to be present (tried for 2 second(s) with 500 milliseconds interval)
Build info: version: &amp;apos;4.0.0-alpha-4&amp;apos;, revision: &amp;apos;c2d955b49e&amp;apos;
System info: host: &amp;apos;DELL-PC&amp;apos;, ip: &amp;apos;192.168.12.106&amp;apos;, os.name: &amp;apos;Windows 10&amp;apos;, os.arch: &amp;apos;amd64&amp;apos;, os.version: &amp;apos;10.0&amp;apos;, java.version: &amp;apos;1.8.0_251&amp;apos;
Driver info: org.openqa.selenium.firefox.FirefoxDriver
Capabilities {acceptInsecureCerts: true, browserName: firefox, browserVersion: 76.0.1, javascriptEnabled: true, moz:accessibilityChecks: false, moz:buildID: 20200507114007, moz:geckodriverVersion: 0.26.0, moz:headless: false, moz:processID: 19228, moz:profile: C:\Users\Harmilap\AppData\L..., moz:shutdownTimeout: 60000, moz:useNonSpecCompliantPointerOrigin: false, moz:webdriverClick: true, pageLoadStrategy: normal, platform: WINDOWS, platformName: WINDOWS, platformVersion: 10.0, rotatable: false, setWindowRect: true, strictFileInteractability: false, timeouts: {implicit: 0, pageLoad: 300000, script: 30000}, unhandledPromptBehavior: dismiss and notify}
Session ID: 974e78f3-3cf1-451e-a921-6d8715f6fb37">
      <![CDATA[org.openqa.selenium.TimeoutException: Expected condition failed: waiting for alert to be present (tried for 2 second(s) with 500 milliseconds interval)
Build info: version: '4.0.0-alpha-4', revision: 'c2d955b49e'
System info: host: 'DELL-PC', ip: '192.168.12.106', os.name: 'Windows 10', os.arch: 'amd64', os.version: '10.0', java.version: '1.8.0_251'
Driver info: org.openqa.selenium.firefox.FirefoxDriver
Capabilities {acceptInsecureCerts: true, browserName: firefox, browserVersion: 76.0.1, javascriptEnabled: true, moz:accessibilityChecks: false, moz:buildID: 20200507114007, moz:geckodriverVersion: 0.26.0, moz:headless: false, moz:processID: 19228, moz:profile: C:\Users\Harmilap\AppData\L..., moz:shutdownTimeout: 60000, moz:useNonSpecCompliantPointerOrigin: false, moz:webdriverClick: true, pageLoadStrategy: normal, platform: WINDOWS, platformName: WINDOWS, platformVersion: 10.0, rotatable: false, setWindowRect: true, strictFileInteractability: false, timeouts: {implicit: 0, pageLoad: 300000, script: 30000}, unhandledPromptBehavior: dismiss and notify}
Session ID: 974e78f3-3cf1-451e-a921-6d8715f6fb37
at org.openqa.selenium.support.ui.WebDriverWait.timeoutException(WebDriverWait.java:138)
at org.openqa.selenium.support.ui.FluentWait.until(FluentWait.java:234)
at Project.CleanBee.LandingTest.Cleaner(LandingTest.java:60)
at java.util.ArrayList.forEach(ArrayList.java:1257)
... Removed 32 stack frames]]>
    </failure>
  </testcase> <!-- Cleaner -->
  <testcase name="Cleaner" time="1.205" classname="Project.CleanBee.LandingTest"/>
  <testcase name="ContactUs" time="0.919" classname="Project.CleanBee.LandingTest"/>
  <testcase name="HomeOwner" time="3.377" classname="Project.CleanBee.LandingTest">
    <failure type="org.openqa.selenium.TimeoutException" message="Expected condition failed: waiting for alert to be present (tried for 2 second(s) with 500 milliseconds interval)
Build info: version: &amp;apos;4.0.0-alpha-4&amp;apos;, revision: &amp;apos;c2d955b49e&amp;apos;
System info: host: &amp;apos;DELL-PC&amp;apos;, ip: &amp;apos;192.168.12.106&amp;apos;, os.name: &amp;apos;Windows 10&amp;apos;, os.arch: &amp;apos;amd64&amp;apos;, os.version: &amp;apos;10.0&amp;apos;, java.version: &amp;apos;1.8.0_251&amp;apos;
Driver info: org.openqa.selenium.firefox.FirefoxDriver
Capabilities {acceptInsecureCerts: true, browserName: firefox, browserVersion: 76.0.1, javascriptEnabled: true, moz:accessibilityChecks: false, moz:buildID: 20200507114007, moz:geckodriverVersion: 0.26.0, moz:headless: false, moz:processID: 13588, moz:profile: C:\Users\Harmilap\AppData\L..., moz:shutdownTimeout: 60000, moz:useNonSpecCompliantPointerOrigin: false, moz:webdriverClick: true, pageLoadStrategy: normal, platform: WINDOWS, platformName: WINDOWS, platformVersion: 10.0, rotatable: false, setWindowRect: true, strictFileInteractability: false, timeouts: {implicit: 0, pageLoad: 300000, script: 30000}, unhandledPromptBehavior: dismiss and notify}
Session ID: 56d53fcd-bdb0-4334-9947-a47c95d28e66">
      <![CDATA[org.openqa.selenium.TimeoutException: Expected condition failed: waiting for alert to be present (tried for 2 second(s) with 500 milliseconds interval)
Build info: version: '4.0.0-alpha-4', revision: 'c2d955b49e'
System info: host: 'DELL-PC', ip: '192.168.12.106', os.name: 'Windows 10', os.arch: 'amd64', os.version: '10.0', java.version: '1.8.0_251'
Driver info: org.openqa.selenium.firefox.FirefoxDriver
Capabilities {acceptInsecureCerts: true, browserName: firefox, browserVersion: 76.0.1, javascriptEnabled: true, moz:accessibilityChecks: false, moz:buildID: 20200507114007, moz:geckodriverVersion: 0.26.0, moz:headless: false, moz:processID: 13588, moz:profile: C:\Users\Harmilap\AppData\L..., moz:shutdownTimeout: 60000, moz:useNonSpecCompliantPointerOrigin: false, moz:webdriverClick: true, pageLoadStrategy: normal, platform: WINDOWS, platformName: WINDOWS, platformVersion: 10.0, rotatable: false, setWindowRect: true, strictFileInteractability: false, timeouts: {implicit: 0, pageLoad: 300000, script: 30000}, unhandledPromptBehavior: dismiss and notify}
Session ID: 56d53fcd-bdb0-4334-9947-a47c95d28e66
at org.openqa.selenium.support.ui.WebDriverWait.timeoutException(WebDriverWait.java:138)
at org.openqa.selenium.support.ui.FluentWait.until(FluentWait.java:234)
at Project.CleanBee.LandingTest.HomeOwner(LandingTest.java:44)
at java.util.ArrayList.forEach(ArrayList.java:1257)
... Removed 32 stack frames]]>
    </failure>
  </testcase> <!-- HomeOwner -->
  <testcase name="HomeOwner" time="3.396" classname="Project.CleanBee.LandingTest">
    <failure type="org.openqa.selenium.TimeoutException" message="Expected condition failed: waiting for alert to be present (tried for 2 second(s) with 500 milliseconds interval)
Build info: version: &amp;apos;4.0.0-alpha-4&amp;apos;, revision: &amp;apos;c2d955b49e&amp;apos;
System info: host: &amp;apos;DELL-PC&amp;apos;, ip: &amp;apos;192.168.12.106&amp;apos;, os.name: &amp;apos;Windows 10&amp;apos;, os.arch: &amp;apos;amd64&amp;apos;, os.version: &amp;apos;10.0&amp;apos;, java.version: &amp;apos;1.8.0_251&amp;apos;
Driver info: org.openqa.selenium.firefox.FirefoxDriver
Capabilities {acceptInsecureCerts: true, browserName: firefox, browserVersion: 76.0.1, javascriptEnabled: true, moz:accessibilityChecks: false, moz:buildID: 20200507114007, moz:geckodriverVersion: 0.26.0, moz:headless: false, moz:processID: 22644, moz:profile: C:\Users\Harmilap\AppData\L..., moz:shutdownTimeout: 60000, moz:useNonSpecCompliantPointerOrigin: false, moz:webdriverClick: true, pageLoadStrategy: normal, platform: WINDOWS, platformName: WINDOWS, platformVersion: 10.0, rotatable: false, setWindowRect: true, strictFileInteractability: false, timeouts: {implicit: 0, pageLoad: 300000, script: 30000}, unhandledPromptBehavior: dismiss and notify}
Session ID: 4a5e031d-dd1b-4355-91e8-eb60d9d7f8c7">
      <![CDATA[org.openqa.selenium.TimeoutException: Expected condition failed: waiting for alert to be present (tried for 2 second(s) with 500 milliseconds interval)
Build info: version: '4.0.0-alpha-4', revision: 'c2d955b49e'
System info: host: 'DELL-PC', ip: '192.168.12.106', os.name: 'Windows 10', os.arch: 'amd64', os.version: '10.0', java.version: '1.8.0_251'
Driver info: org.openqa.selenium.firefox.FirefoxDriver
Capabilities {acceptInsecureCerts: true, browserName: firefox, browserVersion: 76.0.1, javascriptEnabled: true, moz:accessibilityChecks: false, moz:buildID: 20200507114007, moz:geckodriverVersion: 0.26.0, moz:headless: false, moz:processID: 22644, moz:profile: C:\Users\Harmilap\AppData\L..., moz:shutdownTimeout: 60000, moz:useNonSpecCompliantPointerOrigin: false, moz:webdriverClick: true, pageLoadStrategy: normal, platform: WINDOWS, platformName: WINDOWS, platformVersion: 10.0, rotatable: false, setWindowRect: true, strictFileInteractability: false, timeouts: {implicit: 0, pageLoad: 300000, script: 30000}, unhandledPromptBehavior: dismiss and notify}
Session ID: 4a5e031d-dd1b-4355-91e8-eb60d9d7f8c7
at org.openqa.selenium.support.ui.WebDriverWait.timeoutException(WebDriverWait.java:138)
at org.openqa.selenium.support.ui.FluentWait.until(FluentWait.java:234)
at Project.CleanBee.LandingTest.HomeOwner(LandingTest.java:44)
at java.util.ArrayList.forEach(ArrayList.java:1257)
... Removed 32 stack frames]]>
    </failure>
  </testcase> <!-- HomeOwner -->
  <testcase name="HomeOwner" time="3.325" classname="Project.CleanBee.LandingTest">
    <failure type="org.openqa.selenium.TimeoutException" message="Expected condition failed: waiting for alert to be present (tried for 2 second(s) with 500 milliseconds interval)
Build info: version: &amp;apos;4.0.0-alpha-4&amp;apos;, revision: &amp;apos;c2d955b49e&amp;apos;
System info: host: &amp;apos;DELL-PC&amp;apos;, ip: &amp;apos;192.168.12.106&amp;apos;, os.name: &amp;apos;Windows 10&amp;apos;, os.arch: &amp;apos;amd64&amp;apos;, os.version: &amp;apos;10.0&amp;apos;, java.version: &amp;apos;1.8.0_251&amp;apos;
Driver info: org.openqa.selenium.firefox.FirefoxDriver
Capabilities {acceptInsecureCerts: true, browserName: firefox, browserVersion: 76.0.1, javascriptEnabled: true, moz:accessibilityChecks: false, moz:buildID: 20200507114007, moz:geckodriverVersion: 0.26.0, moz:headless: false, moz:processID: 20700, moz:profile: C:\Users\Harmilap\AppData\L..., moz:shutdownTimeout: 60000, moz:useNonSpecCompliantPointerOrigin: false, moz:webdriverClick: true, pageLoadStrategy: normal, platform: WINDOWS, platformName: WINDOWS, platformVersion: 10.0, rotatable: false, setWindowRect: true, strictFileInteractability: false, timeouts: {implicit: 0, pageLoad: 300000, script: 30000}, unhandledPromptBehavior: dismiss and notify}
Session ID: 00f145d6-3ebb-438e-bf98-0a13fce02444">
      <![CDATA[org.openqa.selenium.TimeoutException: Expected condition failed: waiting for alert to be present (tried for 2 second(s) with 500 milliseconds interval)
Build info: version: '4.0.0-alpha-4', revision: 'c2d955b49e'
System info: host: 'DELL-PC', ip: '192.168.12.106', os.name: 'Windows 10', os.arch: 'amd64', os.version: '10.0', java.version: '1.8.0_251'
Driver info: org.openqa.selenium.firefox.FirefoxDriver
Capabilities {acceptInsecureCerts: true, browserName: firefox, browserVersion: 76.0.1, javascriptEnabled: true, moz:accessibilityChecks: false, moz:buildID: 20200507114007, moz:geckodriverVersion: 0.26.0, moz:headless: false, moz:processID: 20700, moz:profile: C:\Users\Harmilap\AppData\L..., moz:shutdownTimeout: 60000, moz:useNonSpecCompliantPointerOrigin: false, moz:webdriverClick: true, pageLoadStrategy: normal, platform: WINDOWS, platformName: WINDOWS, platformVersion: 10.0, rotatable: false, setWindowRect: true, strictFileInteractability: false, timeouts: {implicit: 0, pageLoad: 300000, script: 30000}, unhandledPromptBehavior: dismiss and notify}
Session ID: 00f145d6-3ebb-438e-bf98-0a13fce02444
at org.openqa.selenium.support.ui.WebDriverWait.timeoutException(WebDriverWait.java:138)
at org.openqa.selenium.support.ui.FluentWait.until(FluentWait.java:234)
at Project.CleanBee.LandingTest.HomeOwner(LandingTest.java:44)
at java.util.ArrayList.forEach(ArrayList.java:1257)
... Removed 32 stack frames]]>
    </failure>
  </testcase> <!-- HomeOwner -->
  <testcase name="Privacy" time="0.391" classname="Project.CleanBee.LandingTest"/>
  <testcase name="Terms" time="0.381" classname="Project.CleanBee.LandingTest"/>
</testsuite> <!-- Surefire test -->
