<?xml version="1.0" encoding="UTF-8"?>
<!-- Generated by org.testng.reporters.JUnitXMLReporter -->
<testsuite hostname="DELL-PC" ignored="1" name="CleanBee" tests="6" failures="1" timestamp="2020-08-06T08:15:48 EDT" time="61.995" errors="0">
  <testcase name="ContactUs" time="0.878" classname="Project.CleanBee.LandingTest"/>
  <testcase name="HomeOwner" time="1.3" classname="Project.CleanBee.LandingTest"/>
  <testcase name="HomeOwner" time="1.187" classname="Project.CleanBee.LandingTest"/>
  <testcase name="HomeOwner" time="3.627" classname="Project.CleanBee.LandingTest">
    <failure type="org.openqa.selenium.TimeoutException" message="Expected condition failed: waiting for alert to be present (tried for 2 second(s) with 500 milliseconds interval)
Build info: version: &amp;apos;4.0.0-alpha-4&amp;apos;, revision: &amp;apos;c2d955b49e&amp;apos;
System info: host: &amp;apos;DELL-PC&amp;apos;, ip: &amp;apos;192.168.12.106&amp;apos;, os.name: &amp;apos;Windows 10&amp;apos;, os.arch: &amp;apos;amd64&amp;apos;, os.version: &amp;apos;10.0&amp;apos;, java.version: &amp;apos;1.8.0_251&amp;apos;
Driver info: org.openqa.selenium.firefox.FirefoxDriver
Capabilities {acceptInsecureCerts: true, browserName: firefox, browserVersion: 76.0.1, javascriptEnabled: true, moz:accessibilityChecks: false, moz:buildID: 20200507114007, moz:geckodriverVersion: 0.26.0, moz:headless: false, moz:processID: 17576, moz:profile: C:\Users\Harmilap\AppData\L..., moz:shutdownTimeout: 60000, moz:useNonSpecCompliantPointerOrigin: false, moz:webdriverClick: true, pageLoadStrategy: normal, platform: WINDOWS, platformName: WINDOWS, platformVersion: 10.0, rotatable: false, setWindowRect: true, strictFileInteractability: false, timeouts: {implicit: 0, pageLoad: 300000, script: 30000}, unhandledPromptBehavior: dismiss and notify}
Session ID: 8473f1e1-d883-43c9-816e-b8018a01325b">
      <![CDATA[org.openqa.selenium.TimeoutException: Expected condition failed: waiting for alert to be present (tried for 2 second(s) with 500 milliseconds interval)
Build info: version: '4.0.0-alpha-4', revision: 'c2d955b49e'
System info: host: 'DELL-PC', ip: '192.168.12.106', os.name: 'Windows 10', os.arch: 'amd64', os.version: '10.0', java.version: '1.8.0_251'
Driver info: org.openqa.selenium.firefox.FirefoxDriver
Capabilities {acceptInsecureCerts: true, browserName: firefox, browserVersion: 76.0.1, javascriptEnabled: true, moz:accessibilityChecks: false, moz:buildID: 20200507114007, moz:geckodriverVersion: 0.26.0, moz:headless: false, moz:processID: 17576, moz:profile: C:\Users\Harmilap\AppData\L..., moz:shutdownTimeout: 60000, moz:useNonSpecCompliantPointerOrigin: false, moz:webdriverClick: true, pageLoadStrategy: normal, platform: WINDOWS, platformName: WINDOWS, platformVersion: 10.0, rotatable: false, setWindowRect: true, strictFileInteractability: false, timeouts: {implicit: 0, pageLoad: 300000, script: 30000}, unhandledPromptBehavior: dismiss and notify}
Session ID: 8473f1e1-d883-43c9-816e-b8018a01325b
at org.openqa.selenium.support.ui.WebDriverWait.timeoutException(WebDriverWait.java:138)
at org.openqa.selenium.support.ui.FluentWait.until(FluentWait.java:234)
at Project.CleanBee.LandingTest.HomeOwner(LandingTest.java:44)
at java.util.ArrayList.forEach(ArrayList.java:1257)
... Removed 31 stack frames]]>
    </failure>
  </testcase> <!-- HomeOwner -->
  <testcase name="Privacy" time="0.391" classname="Project.CleanBee.LandingTest"/>
  <testcase name="Terms" time="0.52" classname="Project.CleanBee.LandingTest"/>
  <testcase name="Cleaner" time="0.0" classname="Project.CleanBee.LandingTest">
    <ignored/>
  </testcase> <!-- Cleaner -->
</testsuite> <!-- CleanBee -->
