<?xml version="1.0" encoding="UTF-8"?>
<testng-results skipped="0" failed="1" ignored="1" total="7" passed="5">
  <reporter-output>
  </reporter-output>
  <suite name="Suite" duration-ms="61995" started-at="2020-08-06T08:14:46 EDT" finished-at="2020-08-06T08:15:48 EDT">
    <groups>
    </groups>
    <test name="CleanBee" duration-ms="61995" started-at="2020-08-06T08:14:46 EDT" finished-at="2020-08-06T08:15:48 EDT">
      <class name="Project.CleanBee.LandingTest">
        <test-method status="PASS" signature="InvokeBrowser()[pri:0, instance:Project.CleanBee.LandingTest@7791a895]" name="InvokeBrowser" is-config="true" duration-ms="9332" started-at="2020-08-06T08:14:47 EDT" finished-at="2020-08-06T08:14:56 EDT">
          <reporter-output>
          </reporter-output>
        </test-method> <!-- InvokeBrowser -->
        <test-method status="PASS" signature="ContactUs()[pri:0, instance:Project.CleanBee.LandingTest@7791a895]" name="ContactUs" duration-ms="878" started-at="2020-08-06T08:14:56 EDT" finished-at="2020-08-06T08:14:57 EDT">
          <reporter-output>
          </reporter-output>
        </test-method> <!-- ContactUs -->
        <test-method status="PASS" signature="tearDown()[pri:0, instance:Project.CleanBee.LandingTest@7791a895]" name="tearDown" is-config="true" duration-ms="1522" started-at="2020-08-06T08:14:57 EDT" finished-at="2020-08-06T08:14:58 EDT">
          <reporter-output>
          </reporter-output>
        </test-method> <!-- tearDown -->
        <test-method status="PASS" signature="InvokeBrowser()[pri:0, instance:Project.CleanBee.LandingTest@7791a895]" name="InvokeBrowser" is-config="true" duration-ms="7107" started-at="2020-08-06T08:14:58 EDT" finished-at="2020-08-06T08:15:05 EDT">
          <reporter-output>
          </reporter-output>
        </test-method> <!-- InvokeBrowser -->
        <test-method status="PASS" signature="HomeOwner(java.lang.String, java.lang.String, java.lang.String, java.lang.String, java.lang.String)[pri:0, instance:Project.CleanBee.LandingTest@7791a895]" name="HomeOwner" duration-ms="1300" started-at="2020-08-06T08:15:05 EDT" data-provider="getDataHomeOwner" finished-at="2020-08-06T08:15:07 EDT">
          <params>
            <param index="0">
              <value>
                <![CDATA[Harmilap]]>
              </value>
            </param>
            <param index="1">
              <value>
                <![CDATA[Sandhu]]>
              </value>
            </param>
            <param index="2">
              <value>
                <![CDATA[2harmilapsandhu@gmail.com]]>
              </value>
            </param>
            <param index="3">
              <value>
                <![CDATA[2111111111]]>
              </value>
            </param>
            <param index="4">
              <value>
                <![CDATA[condo]]>
              </value>
            </param>
          </params>
          <reporter-output>
          </reporter-output>
        </test-method> <!-- HomeOwner -->
        <test-method status="PASS" signature="tearDown()[pri:0, instance:Project.CleanBee.LandingTest@7791a895]" name="tearDown" is-config="true" duration-ms="1759" started-at="2020-08-06T08:15:07 EDT" finished-at="2020-08-06T08:15:08 EDT">
          <reporter-output>
          </reporter-output>
        </test-method> <!-- tearDown -->
        <test-method status="PASS" signature="InvokeBrowser()[pri:0, instance:Project.CleanBee.LandingTest@7791a895]" name="InvokeBrowser" is-config="true" duration-ms="6702" started-at="2020-08-06T08:15:08 EDT" finished-at="2020-08-06T08:15:15 EDT">
          <reporter-output>
          </reporter-output>
        </test-method> <!-- InvokeBrowser -->
        <test-method status="PASS" signature="HomeOwner(java.lang.String, java.lang.String, java.lang.String, java.lang.String, java.lang.String)[pri:0, instance:Project.CleanBee.LandingTest@7791a895]" name="HomeOwner" duration-ms="1187" started-at="2020-08-06T08:15:15 EDT" data-provider="getDataHomeOwner" finished-at="2020-08-06T08:15:16 EDT">
          <params>
            <param index="0">
              <value>
                <![CDATA[Bandhanjeet]]>
              </value>
            </param>
            <param index="1">
              <value>
                <![CDATA[Sidhu]]>
              </value>
            </param>
            <param index="2">
              <value>
                <![CDATA[2sidhubandhanjeet@gmail.com]]>
              </value>
            </param>
            <param index="3">
              <value>
                <![CDATA[3111111111]]>
              </value>
            </param>
            <param index="4">
              <value>
                <![CDATA[house]]>
              </value>
            </param>
          </params>
          <reporter-output>
          </reporter-output>
        </test-method> <!-- HomeOwner -->
        <test-method status="PASS" signature="tearDown()[pri:0, instance:Project.CleanBee.LandingTest@7791a895]" name="tearDown" is-config="true" duration-ms="1725" started-at="2020-08-06T08:15:16 EDT" finished-at="2020-08-06T08:15:18 EDT">
          <reporter-output>
          </reporter-output>
        </test-method> <!-- tearDown -->
        <test-method status="PASS" signature="InvokeBrowser()[pri:0, instance:Project.CleanBee.LandingTest@7791a895]" name="InvokeBrowser" is-config="true" duration-ms="6243" started-at="2020-08-06T08:15:18 EDT" finished-at="2020-08-06T08:15:24 EDT">
          <reporter-output>
          </reporter-output>
        </test-method> <!-- InvokeBrowser -->
        <test-method status="FAIL" signature="HomeOwner(java.lang.String, java.lang.String, java.lang.String, java.lang.String, java.lang.String)[pri:0, instance:Project.CleanBee.LandingTest@7791a895]" name="HomeOwner" duration-ms="3627" started-at="2020-08-06T08:15:24 EDT" data-provider="getDataHomeOwner" finished-at="2020-08-06T08:15:28 EDT">
          <params>
            <param index="0">
              <value>
                <![CDATA[Andy]]>
              </value>
            </param>
            <param index="1">
              <value>
                <![CDATA[Khatter]]>
              </value>
            </param>
            <param index="2">
              <value>
                <![CDATA[2andykhatter@yahoo.com]]>
              </value>
            </param>
            <param index="3">
              <value>
                <![CDATA[4111111111]]>
              </value>
            </param>
            <param index="4">
              <value>
                <![CDATA[condo]]>
              </value>
            </param>
          </params>
          <exception class="org.openqa.selenium.TimeoutException">
            <message>
              <![CDATA[Expected condition failed: waiting for alert to be present (tried for 2 second(s) with 500 milliseconds interval)
Build info: version: '4.0.0-alpha-4', revision: 'c2d955b49e'
System info: host: 'DELL-PC', ip: '192.168.12.106', os.name: 'Windows 10', os.arch: 'amd64', os.version: '10.0', java.version: '1.8.0_251'
Driver info: org.openqa.selenium.firefox.FirefoxDriver
Capabilities {acceptInsecureCerts: true, browserName: firefox, browserVersion: 76.0.1, javascriptEnabled: true, moz:accessibilityChecks: false, moz:buildID: 20200507114007, moz:geckodriverVersion: 0.26.0, moz:headless: false, moz:processID: 17576, moz:profile: C:\Users\Harmilap\AppData\L..., moz:shutdownTimeout: 60000, moz:useNonSpecCompliantPointerOrigin: false, moz:webdriverClick: true, pageLoadStrategy: normal, platform: WINDOWS, platformName: WINDOWS, platformVersion: 10.0, rotatable: false, setWindowRect: true, strictFileInteractability: false, timeouts: {implicit: 0, pageLoad: 300000, script: 30000}, unhandledPromptBehavior: dismiss and notify}
Session ID: 8473f1e1-d883-43c9-816e-b8018a01325b]]>
            </message>
            <full-stacktrace>
              <![CDATA[org.openqa.selenium.TimeoutException: Expected condition failed: waiting for alert to be present (tried for 2 second(s) with 500 milliseconds interval)
Build info: version: '4.0.0-alpha-4', revision: 'c2d955b49e'
System info: host: 'DELL-PC', ip: '192.168.12.106', os.name: 'Windows 10', os.arch: 'amd64', os.version: '10.0', java.version: '1.8.0_251'
Driver info: org.openqa.selenium.firefox.FirefoxDriver
Capabilities {acceptInsecureCerts: true, browserName: firefox, browserVersion: 76.0.1, javascriptEnabled: true, moz:accessibilityChecks: false, moz:buildID: 20200507114007, moz:geckodriverVersion: 0.26.0, moz:headless: false, moz:processID: 17576, moz:profile: C:\Users\Harmilap\AppData\L..., moz:shutdownTimeout: 60000, moz:useNonSpecCompliantPointerOrigin: false, moz:webdriverClick: true, pageLoadStrategy: normal, platform: WINDOWS, platformName: WINDOWS, platformVersion: 10.0, rotatable: false, setWindowRect: true, strictFileInteractability: false, timeouts: {implicit: 0, pageLoad: 300000, script: 30000}, unhandledPromptBehavior: dismiss and notify}
Session ID: 8473f1e1-d883-43c9-816e-b8018a01325b
at org.openqa.selenium.support.ui.WebDriverWait.timeoutException(WebDriverWait.java:138)
at org.openqa.selenium.support.ui.FluentWait.until(FluentWait.java:234)
at Project.CleanBee.LandingTest.HomeOwner(LandingTest.java:44)
at sun.reflect.NativeMethodAccessorImpl.invoke0(Native Method)
at sun.reflect.NativeMethodAccessorImpl.invoke(NativeMethodAccessorImpl.java:62)
at sun.reflect.DelegatingMethodAccessorImpl.invoke(DelegatingMethodAccessorImpl.java:43)
at java.lang.reflect.Method.invoke(Method.java:498)
at org.testng.internal.MethodInvocationHelper.invokeMethod(MethodInvocationHelper.java:132)
at org.testng.internal.TestInvoker.invokeMethod(TestInvoker.java:599)
at org.testng.internal.TestInvoker.invokeTestMethod(TestInvoker.java:174)
at org.testng.internal.MethodRunner.runInSequence(MethodRunner.java:46)
at org.testng.internal.TestInvoker$MethodInvocationAgent.invoke(TestInvoker.java:822)
at org.testng.internal.TestInvoker.invokeTestMethods(TestInvoker.java:147)
at org.testng.internal.TestMethodWorker.invokeTestMethods(TestMethodWorker.java:146)
at org.testng.internal.TestMethodWorker.run(TestMethodWorker.java:128)
at java.util.ArrayList.forEach(ArrayList.java:1257)
at org.testng.TestRunner.privateRun(TestRunner.java:764)
at org.testng.TestRunner.run(TestRunner.java:585)
at org.testng.SuiteRunner.runTest(SuiteRunner.java:384)
at org.testng.SuiteRunner.runSequentially(SuiteRunner.java:378)
at org.testng.SuiteRunner.privateRun(SuiteRunner.java:337)
at org.testng.SuiteRunner.run(SuiteRunner.java:286)
at org.testng.SuiteRunnerWorker.runSuite(SuiteRunnerWorker.java:53)
at org.testng.SuiteRunnerWorker.run(SuiteRunnerWorker.java:96)
at org.testng.TestNG.runSuitesSequentially(TestNG.java:1218)
at org.testng.TestNG.runSuitesLocally(TestNG.java:1140)
at org.testng.TestNG.runSuites(TestNG.java:1069)
at org.testng.TestNG.run(TestNG.java:1037)
at org.apache.maven.surefire.testng.TestNGExecutor.run(TestNGExecutor.java:283)
at org.apache.maven.surefire.testng.TestNGXmlTestSuite.execute(TestNGXmlTestSuite.java:75)
at org.apache.maven.surefire.testng.TestNGProvider.invoke(TestNGProvider.java:120)
at org.apache.maven.surefire.booter.ForkedBooter.invokeProviderInSameClassLoader(ForkedBooter.java:384)
at org.apache.maven.surefire.booter.ForkedBooter.runSuitesInProcess(ForkedBooter.java:345)
at org.apache.maven.surefire.booter.ForkedBooter.execute(ForkedBooter.java:126)
at org.apache.maven.surefire.booter.ForkedBooter.main(ForkedBooter.java:418)
]]>
            </full-stacktrace>
          </exception> <!-- org.openqa.selenium.TimeoutException -->
          <reporter-output>
          </reporter-output>
        </test-method> <!-- HomeOwner -->
        <test-method status="PASS" signature="tearDown()[pri:0, instance:Project.CleanBee.LandingTest@7791a895]" name="tearDown" is-config="true" duration-ms="1858" started-at="2020-08-06T08:15:28 EDT" finished-at="2020-08-06T08:15:30 EDT">
          <reporter-output>
          </reporter-output>
        </test-method> <!-- tearDown -->
        <test-method status="PASS" signature="InvokeBrowser()[pri:0, instance:Project.CleanBee.LandingTest@7791a895]" name="InvokeBrowser" is-config="true" duration-ms="6945" started-at="2020-08-06T08:15:30 EDT" finished-at="2020-08-06T08:15:37 EDT">
          <reporter-output>
          </reporter-output>
        </test-method> <!-- InvokeBrowser -->
        <test-method status="PASS" signature="Privacy()[pri:0, instance:Project.CleanBee.LandingTest@7791a895]" name="Privacy" duration-ms="391" started-at="2020-08-06T08:15:37 EDT" finished-at="2020-08-06T08:15:37 EDT">
          <reporter-output>
          </reporter-output>
        </test-method> <!-- Privacy -->
        <test-method status="PASS" signature="tearDown()[pri:0, instance:Project.CleanBee.LandingTest@7791a895]" name="tearDown" is-config="true" duration-ms="1975" started-at="2020-08-06T08:15:37 EDT" finished-at="2020-08-06T08:15:39 EDT">
          <reporter-output>
          </reporter-output>
        </test-method> <!-- tearDown -->
        <test-method status="PASS" signature="InvokeBrowser()[pri:0, instance:Project.CleanBee.LandingTest@7791a895]" name="InvokeBrowser" is-config="true" duration-ms="6644" started-at="2020-08-06T08:15:39 EDT" finished-at="2020-08-06T08:15:46 EDT">
          <reporter-output>
          </reporter-output>
        </test-method> <!-- InvokeBrowser -->
        <test-method status="PASS" signature="Terms()[pri:0, instance:Project.CleanBee.LandingTest@7791a895]" name="Terms" duration-ms="520" started-at="2020-08-06T08:15:46 EDT" finished-at="2020-08-06T08:15:46 EDT">
          <reporter-output>
          </reporter-output>
        </test-method> <!-- Terms -->
        <test-method status="PASS" signature="tearDown()[pri:0, instance:Project.CleanBee.LandingTest@7791a895]" name="tearDown" is-config="true" duration-ms="2212" started-at="2020-08-06T08:15:46 EDT" finished-at="2020-08-06T08:15:48 EDT">
          <reporter-output>
          </reporter-output>
        </test-method> <!-- tearDown -->
      </class> <!-- Project.CleanBee.LandingTest -->
    </test> <!-- CleanBee -->
  </suite> <!-- Suite -->
</testng-results>
