<?xml version="1.0" encoding="UTF-8"?>
<testsuite xmlns:xsi="http://www.w3.org/2001/XMLSchema-instance" xsi:noNamespaceSchemaLocation="https://maven.apache.org/surefire/maven-surefire-plugin/xsd/surefire-test-report.xsd" name="TestSuite" time="63.226" tests="6" errors="0" skipped="0" failures="1">
  <properties>
[...]
</properties>
  <testcase name="ContactUs" classname="Project.CleanBee.LandingTest" time="0.876"/>
  <testcase name="HomeOwner" classname="Project.CleanBee.LandingTest" time="1.297"/>
  <testcase name="HomeOwner" classname="Project.CleanBee.LandingTest" time="1.187"/>
  <testcase name="HomeOwner" classname="Project.CleanBee.LandingTest" time="3.64">
    <failure message="Expected condition failed: waiting for alert to be present (tried for 2 second(s) with 500 milliseconds interval)&#10;Build info: version: &apos;4.0.0-alpha-4&apos;, revision: &apos;c2d955b49e&apos;&#10;System info: host: &apos;DELL-PC&apos;, ip: &apos;192.168.12.106&apos;, os.name: &apos;Windows 10&apos;, os.arch: &apos;amd64&apos;, os.version: &apos;10.0&apos;, java.version: &apos;1.8.0_251&apos;&#10;Driver info: org.openqa.selenium.firefox.FirefoxDriver&#10;Capabilities {acceptInsecureCerts: true, browserName: firefox, browserVersion: 76.0.1, javascriptEnabled: true, moz:accessibilityChecks: false, moz:buildID: 20200507114007, moz:geckodriverVersion: 0.26.0, moz:headless: false, moz:processID: 17576, moz:profile: C:\Users\Harmilap\AppData\L..., moz:shutdownTimeout: 60000, moz:useNonSpecCompliantPointerOrigin: false, moz:webdriverClick: true, pageLoadStrategy: normal, platform: WINDOWS, platformName: WINDOWS, platformVersion: 10.0, rotatable: false, setWindowRect: true, strictFileInteractability: false, timeouts: {implicit: 0, pageLoad: 300000, script: 30000}, unhandledPromptBehavior: dismiss and notify}&#10;Session ID: 8473f1e1-d883-43c9-816e-b8018a01325b" type="org.openqa.selenium.TimeoutException">org.openqa.selenium.TimeoutException: 
Expected condition failed: waiting for alert to be present (tried for 2 second(s) with 500 milliseconds interval)
Build info: version: '4.0.0-alpha-4', revision: 'c2d955b49e'
System info: host: 'DELL-PC', ip: '192.168.12.106', os.name: 'Windows 10', os.arch: 'amd64', os.version: '10.0', java.version: '1.8.0_251'
Driver info: org.openqa.selenium.firefox.FirefoxDriver
Capabilities {acceptInsecureCerts: true, browserName: firefox, browserVersion: 76.0.1, javascriptEnabled: true, moz:accessibilityChecks: false, moz:buildID: 20200507114007, moz:geckodriverVersion: 0.26.0, moz:headless: false, moz:processID: 17576, moz:profile: C:\Users\Harmilap\AppData\L..., moz:shutdownTimeout: 60000, moz:useNonSpecCompliantPointerOrigin: false, moz:webdriverClick: true, pageLoadStrategy: normal, platform: WINDOWS, platformName: WINDOWS, platformVersion: 10.0, rotatable: false, setWindowRect: true, strictFileInteractability: false, timeouts: {implicit: 0, pageLoad: 300000, script: 30000}, unhandledPromptBehavior: dismiss and notify}
Session ID: 8473f1e1-d883-43c9-816e-b8018a01325b
	at Project.CleanBee.LandingTest.HomeOwner(LandingTest.java:44)
</failure>
    <system-err><![CDATA[1596716116827	Marionette	INFO	Stopped listening on port 49861

###!!! [Child][RunMessage] Error: Channel closing: too late to send/recv, messages will be lost


###!!! [Child][MessageChannel::SendAndWait] Error: Channel error: cannot send/recv

1596716119118	mozrunner::runner	INFO	Running command: "C:\\Program Files\\Mozilla Firefox\\firefox.exe" "-marionette" "-foreground" "-no-remote" "-profile" "C:\\Users\\Harmilap\\AppData\\Local\\Temp\\rust_mozprofile7rbdhN"
1596716119713	addons.webextension.doh-rollout@mozilla.org	WARN	Loading extension 'doh-rollout@mozilla.org': Reading manifest: Invalid extension permission: networkStatus
1596716120345	addons.webextension.screenshots@mozilla.org	WARN	Loading extension 'screenshots@mozilla.org': Reading manifest: Invalid extension permission: mozillaAddons
1596716120345	addons.webextension.screenshots@mozilla.org	WARN	Loading extension 'screenshots@mozilla.org': Reading manifest: Invalid extension permission: telemetry
1596716120346	addons.webextension.screenshots@mozilla.org	WARN	Loading extension 'screenshots@mozilla.org': Reading manifest: Invalid extension permission: resource://pdf.js/
1596716120346	addons.webextension.screenshots@mozilla.org	WARN	Loading extension 'screenshots@mozilla.org': Reading manifest: Invalid extension permission: about:reader*
JavaScript error: resource://gre/modules/XULStore.jsm, line 66: Error: Can't find profile directory.
1596716123209	Marionette	INFO	Listening on port 49931
1596716123461	Marionette	WARN	TLS certificate errors will be ignored for this session
Aug 06, 2020 8:15:23 AM org.openqa.selenium.remote.ProtocolHandshake createSession
INFO: Detected dialect: W3C
]]></system-err>
  </testcase>
  <testcase name="Privacy" classname="Project.CleanBee.LandingTest" time="0.391"/>
  <testcase name="Terms" classname="Project.CleanBee.LandingTest" time="0.519"/>
</testsuite>